2024-06-06 17:47:41,890:DEBUG:certbot._internal.main:certbot version: 2.11.0
2024-06-06 17:47:41,891:DEBUG:certbot._internal.main:Location of certbot entry point: /usr/local/bin/certbot
2024-06-06 17:47:41,891:DEBUG:certbot._internal.main:Arguments: ['--standalone', '-d', 'ventruetechnologies.com']
2024-06-06 17:47:41,891:DEBUG:certbot._internal.main:Discovered plugins: PluginsRegistry(PluginEntryPoint#manual,PluginEntryPoint#null,PluginEntryPoint#standalone,PluginEntryPoint#webroot)
2024-06-06 17:47:41,909:DEBUG:certbot._internal.log:Root logging level set at 30
2024-06-06 17:47:41,911:DEBUG:certbot._internal.plugins.selection:Requested authenticator standalone and installer None
2024-06-06 17:47:41,911:DEBUG:certbot._internal.plugins.selection:Single candidate plugin: * standalone
Description: Runs an HTTP server locally which serves the necessary validation files under the /.well-known/acme-challenge/ request path. Suitable if there is no HTTP server already running. HTTP challenge only (wildcards not supported).
Interfaces: Authenticator, Plugin
Entry point: EntryPoint(name='standalone', value='certbot._internal.plugins.standalone:Authenticator', group='certbot.plugins')
Initialized: <certbot._internal.plugins.standalone.Authenticator object at 0x7f932f6fa540>
Prep: True
2024-06-06 17:47:41,911:DEBUG:certbot._internal.plugins.selection:Selected authenticator <certbot._internal.plugins.standalone.Authenticator object at 0x7f932f6fa540> and installer None
2024-06-06 17:47:41,912:INFO:certbot._internal.plugins.selection:Plugins selected: Authenticator standalone, Installer None
2024-06-06 17:47:41,995:DEBUG:certbot._internal.main:Picked account: <Account(RegistrationResource(body=Registration(key=None, contact=(), agreement=None, status=None, terms_of_service_agreed=None, only_return_existing=None, external_account_binding=None), uri='https://acme-v02.api.letsencrypt.org/acme/acct/1767643707', new_authzr_uri=None, terms_of_service=None), 945573f0d07070a43db92cdb19d698a0, Meta(creation_dt=datetime.datetime(2024, 6, 6, 17, 19, 53, tzinfo=<UTC>), creation_host='64f5e9138e55', register_to_eff=None))>
2024-06-06 17:47:41,996:DEBUG:acme.client:Sending GET request to https://acme-v02.api.letsencrypt.org/directory.
2024-06-06 17:47:41,999:DEBUG:urllib3.connectionpool:Starting new HTTPS connection (1): acme-v02.api.letsencrypt.org:443
2024-06-06 17:47:42,154:DEBUG:urllib3.connectionpool:https://acme-v02.api.letsencrypt.org:443 "GET /directory HTTP/1.1" 200 746
2024-06-06 17:47:42,154:DEBUG:acme.client:Received response:
HTTP 200
Server: nginx
Date: Thu, 06 Jun 2024 17:47:42 GMT
Content-Type: application/json
Content-Length: 746
Connection: keep-alive
Cache-Control: public, max-age=0, no-cache
X-Frame-Options: DENY
Strict-Transport-Security: max-age=604800

{
  "6ckDupUVdtE": "https://community.letsencrypt.org/t/adding-random-entries-to-the-directory/33417",
  "keyChange": "https://acme-v02.api.letsencrypt.org/acme/key-change",
  "meta": {
    "caaIdentities": [
      "letsencrypt.org"
    ],
    "termsOfService": "https://letsencrypt.org/documents/LE-SA-v1.4-April-3-2024.pdf",
    "website": "https://letsencrypt.org"
  },
  "newAccount": "https://acme-v02.api.letsencrypt.org/acme/new-acct",
  "newNonce": "https://acme-v02.api.letsencrypt.org/acme/new-nonce",
  "newOrder": "https://acme-v02.api.letsencrypt.org/acme/new-order",
  "renewalInfo": "https://acme-v02.api.letsencrypt.org/draft-ietf-acme-ari-03/renewalInfo",
  "revokeCert": "https://acme-v02.api.letsencrypt.org/acme/revoke-cert"
}
2024-06-06 17:47:42,165:DEBUG:certbot._internal.display.obj:Notifying user: Requesting a certificate for ventruetechnologies.com
2024-06-06 17:47:42,170:DEBUG:acme.client:Requesting fresh nonce
2024-06-06 17:47:42,170:DEBUG:acme.client:Sending HEAD request to https://acme-v02.api.letsencrypt.org/acme/new-nonce.
2024-06-06 17:47:42,207:DEBUG:urllib3.connectionpool:https://acme-v02.api.letsencrypt.org:443 "HEAD /acme/new-nonce HTTP/1.1" 200 0
2024-06-06 17:47:42,208:DEBUG:acme.client:Received response:
HTTP 200
Server: nginx
Date: Thu, 06 Jun 2024 17:47:42 GMT
Connection: keep-alive
Cache-Control: public, max-age=0, no-cache
Link: <https://acme-v02.api.letsencrypt.org/directory>;rel="index"
Replay-Nonce: su1caOmbKscfYzcA8q2OWKjYYx5fvNbEHvFIDKvblYJHmr3VvzI
X-Frame-Options: DENY
Strict-Transport-Security: max-age=604800


2024-06-06 17:47:42,209:DEBUG:acme.client:Storing nonce: su1caOmbKscfYzcA8q2OWKjYYx5fvNbEHvFIDKvblYJHmr3VvzI
2024-06-06 17:47:42,209:DEBUG:acme.client:JWS payload:
b'{\n  "identifiers": [\n    {\n      "type": "dns",\n      "value": "ventruetechnologies.com"\n    }\n  ]\n}'
2024-06-06 17:47:42,213:DEBUG:acme.client:Sending POST request to https://acme-v02.api.letsencrypt.org/acme/new-order:
{
  "protected": "eyJhbGciOiAiUlMyNTYiLCAia2lkIjogImh0dHBzOi8vYWNtZS12MDIuYXBpLmxldHNlbmNyeXB0Lm9yZy9hY21lL2FjY3QvMTc2NzY0MzcwNyIsICJub25jZSI6ICJzdTFjYU9tYktzY2ZZemNBOHEyT1dLallZeDVmdk5iRUh2RklES3ZibFlKSG1yM1Z2ekkiLCAidXJsIjogImh0dHBzOi8vYWNtZS12MDIuYXBpLmxldHNlbmNyeXB0Lm9yZy9hY21lL25ldy1vcmRlciJ9",
  "signature": "NaJd_OWIryWvL8psQqcdvlSJ2e4hGPJR0QJUc9FbgJguQNITGvcmZfi0DDXPonXIT1HFfnQ6ORHvDv29rytN4jR6b3Cl2nhILPgLQv7iJeXoQsrgn7-wMInSG-eLQTOTp4DvjGsIsFNiq8Li9XAt_ievBguwawXR636fLOAgomU5Gp4kI_l7EldLpQAHfyfxJpj_dMX2oBO_HXlFUQWp0xpCFjI8S0pMgBjBCc6VAU1Dnz1XlJzhXOpm-7KUmiyVj5r4aqXUYZ_C1c-vw3m7oG7Rj2qq2LC59L0gUJ-LYYDtro0IwZW8JrAllcb5VndioPekxqkcl3rhEC88rfj_RA",
  "payload": "ewogICJpZGVudGlmaWVycyI6IFsKICAgIHsKICAgICAgInR5cGUiOiAiZG5zIiwKICAgICAgInZhbHVlIjogInZlbnRydWV0ZWNobm9sb2dpZXMuY29tIgogICAgfQogIF0KfQ"
}
2024-06-06 17:47:42,275:DEBUG:urllib3.connectionpool:https://acme-v02.api.letsencrypt.org:443 "POST /acme/new-order HTTP/1.1" 201 349
2024-06-06 17:47:42,276:DEBUG:acme.client:Received response:
HTTP 201
Server: nginx
Date: Thu, 06 Jun 2024 17:47:42 GMT
Content-Type: application/json
Content-Length: 349
Connection: keep-alive
Boulder-Requester: 1767643707
Cache-Control: public, max-age=0, no-cache
Link: <https://acme-v02.api.letsencrypt.org/directory>;rel="index"
Location: https://acme-v02.api.letsencrypt.org/acme/order/1767643707/276027471847
Replay-Nonce: su1caOmbzj-uFqkeUwaQwFAk0M9gc-PQAIFKZD_lrSLgqq0ft5s
X-Frame-Options: DENY
Strict-Transport-Security: max-age=604800

{
  "status": "pending",
  "expires": "2024-06-13T17:47:42Z",
  "identifiers": [
    {
      "type": "dns",
      "value": "ventruetechnologies.com"
    }
  ],
  "authorizations": [
    "https://acme-v02.api.letsencrypt.org/acme/authz-v3/360509340017"
  ],
  "finalize": "https://acme-v02.api.letsencrypt.org/acme/finalize/1767643707/276027471847"
}
2024-06-06 17:47:42,276:DEBUG:acme.client:Storing nonce: su1caOmbzj-uFqkeUwaQwFAk0M9gc-PQAIFKZD_lrSLgqq0ft5s
2024-06-06 17:47:42,277:DEBUG:acme.client:JWS payload:
b''
2024-06-06 17:47:42,279:DEBUG:acme.client:Sending POST request to https://acme-v02.api.letsencrypt.org/acme/authz-v3/360509340017:
{
  "protected": "eyJhbGciOiAiUlMyNTYiLCAia2lkIjogImh0dHBzOi8vYWNtZS12MDIuYXBpLmxldHNlbmNyeXB0Lm9yZy9hY21lL2FjY3QvMTc2NzY0MzcwNyIsICJub25jZSI6ICJzdTFjYU9tYnpqLXVGcWtlVXdhUXdGQWswTTlnYy1QUUFJRktaRF9sclNMZ3FxMGZ0NXMiLCAidXJsIjogImh0dHBzOi8vYWNtZS12MDIuYXBpLmxldHNlbmNyeXB0Lm9yZy9hY21lL2F1dGh6LXYzLzM2MDUwOTM0MDAxNyJ9",
  "signature": "e48YZaKVJYNqJl2Wd97VeQG-uMV3guY8uYOT2jkl7bw6PlWAR2SBw_eERKitOIJH-W28Iep-ettJHx7VyfD8lyH5zVwIE3pp73nO-RxBtY8WYh14cqTpeYw7T6tL0k9i55IHN1ovRlLvCpdR-QwU9Nvxkd6_-_5EWDUd9nGoE9PAAJUaPtUUJtEDWV4wwhrOT-eM38Q7Ma5YangiqocwbBaFdKIsdIaCJ_4ZXeIAQUhw0G9EORqhEJxhK9A8h3aT4-gQA81sL4TNx_OiTYSvz_41Q5fbNhNV73ZmQ5PoemjOUxNGe1qhhipnqhAtUJZo4_kdy_HqbsmhvmH0KAhJOg",
  "payload": ""
}
2024-06-06 17:47:42,318:DEBUG:urllib3.connectionpool:https://acme-v02.api.letsencrypt.org:443 "POST /acme/authz-v3/360509340017 HTTP/1.1" 200 807
2024-06-06 17:47:42,319:DEBUG:acme.client:Received response:
HTTP 200
Server: nginx
Date: Thu, 06 Jun 2024 17:47:42 GMT
Content-Type: application/json
Content-Length: 807
Connection: keep-alive
Boulder-Requester: 1767643707
Cache-Control: public, max-age=0, no-cache
Link: <https://acme-v02.api.letsencrypt.org/directory>;rel="index"
Replay-Nonce: cp09ZmYxr7nTqk4o9kWsPi0Ka60ab4oVjaFXqvlw0nrPFEBAMUY
X-Frame-Options: DENY
Strict-Transport-Security: max-age=604800

{
  "identifier": {
    "type": "dns",
    "value": "ventruetechnologies.com"
  },
  "status": "pending",
  "expires": "2024-06-13T17:47:42Z",
  "challenges": [
    {
      "type": "http-01",
      "status": "pending",
      "url": "https://acme-v02.api.letsencrypt.org/acme/chall-v3/360509340017/M6KdNg",
      "token": "O9Kg4XwdJsTHlKc-g1BYzAW4q_ojzsGmoiU0JabJrKQ"
    },
    {
      "type": "dns-01",
      "status": "pending",
      "url": "https://acme-v02.api.letsencrypt.org/acme/chall-v3/360509340017/DyqMkA",
      "token": "O9Kg4XwdJsTHlKc-g1BYzAW4q_ojzsGmoiU0JabJrKQ"
    },
    {
      "type": "tls-alpn-01",
      "status": "pending",
      "url": "https://acme-v02.api.letsencrypt.org/acme/chall-v3/360509340017/77Q45w",
      "token": "O9Kg4XwdJsTHlKc-g1BYzAW4q_ojzsGmoiU0JabJrKQ"
    }
  ]
}
2024-06-06 17:47:42,319:DEBUG:acme.client:Storing nonce: cp09ZmYxr7nTqk4o9kWsPi0Ka60ab4oVjaFXqvlw0nrPFEBAMUY
2024-06-06 17:47:42,320:INFO:certbot._internal.auth_handler:Performing the following challenges:
2024-06-06 17:47:42,320:INFO:certbot._internal.auth_handler:http-01 challenge for ventruetechnologies.com
2024-06-06 17:47:42,321:DEBUG:acme.standalone:Successfully bound to :80 using IPv6
2024-06-06 17:47:42,322:DEBUG:acme.standalone:Certbot wasn't able to bind to :80 using IPv4, this is often expected due to the dual stack nature of IPv6 socket implementations.
2024-06-06 17:47:42,324:DEBUG:acme.client:JWS payload:
b'{}'
2024-06-06 17:47:42,326:DEBUG:acme.client:Sending POST request to https://acme-v02.api.letsencrypt.org/acme/chall-v3/360509340017/M6KdNg:
{
  "protected": "eyJhbGciOiAiUlMyNTYiLCAia2lkIjogImh0dHBzOi8vYWNtZS12MDIuYXBpLmxldHNlbmNyeXB0Lm9yZy9hY21lL2FjY3QvMTc2NzY0MzcwNyIsICJub25jZSI6ICJjcDA5Wm1ZeHI3blRxazRvOWtXc1BpMEthNjBhYjRvVmphRlhxdmx3MG5yUEZFQkFNVVkiLCAidXJsIjogImh0dHBzOi8vYWNtZS12MDIuYXBpLmxldHNlbmNyeXB0Lm9yZy9hY21lL2NoYWxsLXYzLzM2MDUwOTM0MDAxNy9NNktkTmcifQ",
  "signature": "jR3o35p4d9yF74c11GknkbSsFcijlGj8O54d4p8PZqsCBLG0jF3jT6O8fRtBZuji0jE3YRjcCcmnrliEl66Isn-REAKQyR6pM7X6q6ZPIDyMdfQ7rAznCD2uVjtW1dgl7GCIIHDAUbyxJCJ24snmMd5RPFU6qS15mUZN1MK3BYd32X8r3mPHjPe_Ug-N-B5HaYMS54fnyufjQOquFpQkCj1nJohLQ8CJVtqaOTOAGwGrZkYS-xekg8d0kW8bYBw0bvOm0KCkoVshLCk-wGKyz6vJy81R3n7u9QqloOEaLZUO-pj33YVay2YAy6TPMgZN7RrqSPuo-nW3WP6gaHCSNw",
  "payload": "e30"
}
2024-06-06 17:47:42,379:DEBUG:urllib3.connectionpool:https://acme-v02.api.letsencrypt.org:443 "POST /acme/chall-v3/360509340017/M6KdNg HTTP/1.1" 200 187
2024-06-06 17:47:42,380:DEBUG:acme.client:Received response:
HTTP 200
Server: nginx
Date: Thu, 06 Jun 2024 17:47:42 GMT
Content-Type: application/json
Content-Length: 187
Connection: keep-alive
Boulder-Requester: 1767643707
Cache-Control: public, max-age=0, no-cache
Link: <https://acme-v02.api.letsencrypt.org/directory>;rel="index", <https://acme-v02.api.letsencrypt.org/acme/authz-v3/360509340017>;rel="up"
Location: https://acme-v02.api.letsencrypt.org/acme/chall-v3/360509340017/M6KdNg
Replay-Nonce: su1caOmbJOVp4qt3npnelimNoHNjMTi1azWR_9Mb_AvW_pKoKbo
X-Frame-Options: DENY
Strict-Transport-Security: max-age=604800

{
  "type": "http-01",
  "status": "pending",
  "url": "https://acme-v02.api.letsencrypt.org/acme/chall-v3/360509340017/M6KdNg",
  "token": "O9Kg4XwdJsTHlKc-g1BYzAW4q_ojzsGmoiU0JabJrKQ"
}
2024-06-06 17:47:42,381:DEBUG:acme.client:Storing nonce: su1caOmbJOVp4qt3npnelimNoHNjMTi1azWR_9Mb_AvW_pKoKbo
2024-06-06 17:47:42,382:INFO:certbot._internal.auth_handler:Waiting for verification...
2024-06-06 17:47:43,382:DEBUG:acme.client:JWS payload:
b''
2024-06-06 17:47:43,384:DEBUG:acme.client:Sending POST request to https://acme-v02.api.letsencrypt.org/acme/authz-v3/360509340017:
{
  "protected": "eyJhbGciOiAiUlMyNTYiLCAia2lkIjogImh0dHBzOi8vYWNtZS12MDIuYXBpLmxldHNlbmNyeXB0Lm9yZy9hY21lL2FjY3QvMTc2NzY0MzcwNyIsICJub25jZSI6ICJzdTFjYU9tYkpPVnA0cXQzbnBuZWxpbU5vSE5qTVRpMWF6V1JfOU1iX0F2V19wS29LYm8iLCAidXJsIjogImh0dHBzOi8vYWNtZS12MDIuYXBpLmxldHNlbmNyeXB0Lm9yZy9hY21lL2F1dGh6LXYzLzM2MDUwOTM0MDAxNyJ9",
  "signature": "hJ8CbBEd8dKiYMjsiLL1w7GNsj4aJkGhHLG8Gh0CB6cS7fcZYrG72AI_xSbuqFd-SV7ylTE6oXqY10P19GTdzA_vunRTqWb7EIBe2lxeXkTnmTGLEfKkjw5HW-fQFqHaD-xipI1JSD6aQAOrRZO3XPGPQU2sTtgVpRapfRa5g9OZjjIfbXYuo1NawJ9FAvA-N0ZNc1_Mx1s2ww9MgOV7QfJgFQuz4Gnddx7wtpePEMUN2ahNx2PmzN4eeU9KgD7ORpQ0y_5FrdDperpnyT6lkwUR5lZo-xdo8O1XK-f3N3zY5nAlAw5Vip_ZbsPpka6tJDmMcetNTeqj-8Q_jxZoEQ",
  "payload": ""
}
2024-06-06 17:47:43,428:DEBUG:urllib3.connectionpool:https://acme-v02.api.letsencrypt.org:443 "POST /acme/authz-v3/360509340017 HTTP/1.1" 200 807
2024-06-06 17:47:43,429:DEBUG:acme.client:Received response:
HTTP 200
Server: nginx
Date: Thu, 06 Jun 2024 17:47:43 GMT
Content-Type: application/json
Content-Length: 807
Connection: keep-alive
Boulder-Requester: 1767643707
Cache-Control: public, max-age=0, no-cache
Link: <https://acme-v02.api.letsencrypt.org/directory>;rel="index"
Replay-Nonce: su1caOmbLbdnSEcxgE84gn5sftwhpeJPzBTZPo32-_lRf1Ki6eE
X-Frame-Options: DENY
Strict-Transport-Security: max-age=604800

{
  "identifier": {
    "type": "dns",
    "value": "ventruetechnologies.com"
  },
  "status": "pending",
  "expires": "2024-06-13T17:47:42Z",
  "challenges": [
    {
      "type": "http-01",
      "status": "pending",
      "url": "https://acme-v02.api.letsencrypt.org/acme/chall-v3/360509340017/M6KdNg",
      "token": "O9Kg4XwdJsTHlKc-g1BYzAW4q_ojzsGmoiU0JabJrKQ"
    },
    {
      "type": "dns-01",
      "status": "pending",
      "url": "https://acme-v02.api.letsencrypt.org/acme/chall-v3/360509340017/DyqMkA",
      "token": "O9Kg4XwdJsTHlKc-g1BYzAW4q_ojzsGmoiU0JabJrKQ"
    },
    {
      "type": "tls-alpn-01",
      "status": "pending",
      "url": "https://acme-v02.api.letsencrypt.org/acme/chall-v3/360509340017/77Q45w",
      "token": "O9Kg4XwdJsTHlKc-g1BYzAW4q_ojzsGmoiU0JabJrKQ"
    }
  ]
}
2024-06-06 17:47:43,429:DEBUG:acme.client:Storing nonce: su1caOmbLbdnSEcxgE84gn5sftwhpeJPzBTZPo32-_lRf1Ki6eE
2024-06-06 17:47:46,430:DEBUG:acme.client:JWS payload:
b''
2024-06-06 17:47:46,433:DEBUG:acme.client:Sending POST request to https://acme-v02.api.letsencrypt.org/acme/authz-v3/360509340017:
{
  "protected": "eyJhbGciOiAiUlMyNTYiLCAia2lkIjogImh0dHBzOi8vYWNtZS12MDIuYXBpLmxldHNlbmNyeXB0Lm9yZy9hY21lL2FjY3QvMTc2NzY0MzcwNyIsICJub25jZSI6ICJzdTFjYU9tYkxiZG5TRWN4Z0U4NGduNXNmdHdocGVKUHpCVFpQbzMyLV9sUmYxS2k2ZUUiLCAidXJsIjogImh0dHBzOi8vYWNtZS12MDIuYXBpLmxldHNlbmNyeXB0Lm9yZy9hY21lL2F1dGh6LXYzLzM2MDUwOTM0MDAxNyJ9",
  "signature": "dVd9Ypufs4b_u0aKdC_DrAqFFtGef_041SKYyzFaYzOC7SOMoiFbO1To-K-tNjcSuvQVnimHYBeyd_SjwEVv1OQFQZxtepT069OTIFIN7wM3nrgay9q0KTSE-T8knBtC_UBRk6-Rjbw7YuOzotO4thtrHCwH97oN0w-tE4g_ZDczVbA6LK8Sl6mLF0_1bJRuqTJ3OdVxInm5j5Lce_Tzws7Ch68PJhBF6s5orecHGLAVBpBMB0UDO-ZWR5Qyd-SlrDsvDcVlI2qFMHwtgudbeBIWGPUbRLvzc_4W5XuBkdf4ZtesTb5DT2cdmZxTS7JNdRhL1PyKXi6oC6nI_u5j0A",
  "payload": ""
}
2024-06-06 17:47:46,474:DEBUG:urllib3.connectionpool:https://acme-v02.api.letsencrypt.org:443 "POST /acme/authz-v3/360509340017 HTTP/1.1" 200 807
2024-06-06 17:47:46,475:DEBUG:acme.client:Received response:
HTTP 200
Server: nginx
Date: Thu, 06 Jun 2024 17:47:46 GMT
Content-Type: application/json
Content-Length: 807
Connection: keep-alive
Boulder-Requester: 1767643707
Cache-Control: public, max-age=0, no-cache
Link: <https://acme-v02.api.letsencrypt.org/directory>;rel="index"
Replay-Nonce: cp09ZmYxEewPvKdAuuQpzZid_ad2kRRpWruZfnQLD3hI2L5RlsY
X-Frame-Options: DENY
Strict-Transport-Security: max-age=604800

{
  "identifier": {
    "type": "dns",
    "value": "ventruetechnologies.com"
  },
  "status": "pending",
  "expires": "2024-06-13T17:47:42Z",
  "challenges": [
    {
      "type": "http-01",
      "status": "pending",
      "url": "https://acme-v02.api.letsencrypt.org/acme/chall-v3/360509340017/M6KdNg",
      "token": "O9Kg4XwdJsTHlKc-g1BYzAW4q_ojzsGmoiU0JabJrKQ"
    },
    {
      "type": "dns-01",
      "status": "pending",
      "url": "https://acme-v02.api.letsencrypt.org/acme/chall-v3/360509340017/DyqMkA",
      "token": "O9Kg4XwdJsTHlKc-g1BYzAW4q_ojzsGmoiU0JabJrKQ"
    },
    {
      "type": "tls-alpn-01",
      "status": "pending",
      "url": "https://acme-v02.api.letsencrypt.org/acme/chall-v3/360509340017/77Q45w",
      "token": "O9Kg4XwdJsTHlKc-g1BYzAW4q_ojzsGmoiU0JabJrKQ"
    }
  ]
}
2024-06-06 17:47:46,475:DEBUG:acme.client:Storing nonce: cp09ZmYxEewPvKdAuuQpzZid_ad2kRRpWruZfnQLD3hI2L5RlsY
2024-06-06 17:47:49,477:DEBUG:acme.client:JWS payload:
b''
2024-06-06 17:47:49,480:DEBUG:acme.client:Sending POST request to https://acme-v02.api.letsencrypt.org/acme/authz-v3/360509340017:
{
  "protected": "eyJhbGciOiAiUlMyNTYiLCAia2lkIjogImh0dHBzOi8vYWNtZS12MDIuYXBpLmxldHNlbmNyeXB0Lm9yZy9hY21lL2FjY3QvMTc2NzY0MzcwNyIsICJub25jZSI6ICJjcDA5Wm1ZeEVld1B2S2RBdXVRcHpaaWRfYWQya1JScFdydVpmblFMRDNoSTJMNVJsc1kiLCAidXJsIjogImh0dHBzOi8vYWNtZS12MDIuYXBpLmxldHNlbmNyeXB0Lm9yZy9hY21lL2F1dGh6LXYzLzM2MDUwOTM0MDAxNyJ9",
  "signature": "VmCuq6n6RFXk8C_AAhP-hD7mPGUubhXitRPDKR4lo8IQtmYGVVVz1mNyCzEUlmOFtekpiraB-5Rj-9T83V8BOyaQec1MNQ88UJle59eOr8xo8-P3O29wilsmwTIRtvLYH0MMuiDyTDwPTLbRKVNm0ctw_W5z6X-rYpOLRyZNbBzrJtFj3Qbn05Z8jLAN_9t6XokUP2--vdZC_PGNZqkpFuuL7Fn1bSKWOvbKXNeSmpw6ktuZ8sbzQK-VPbGR9fhS_RzlGz-ee0G35sk07frhENLLyu7kga6xN81Zpjh47nQs5TzHRY7Nt17V-zsbLflZH59tund-cvdz-NvT4x0VtQ",
  "payload": ""
}
2024-06-06 17:47:49,771:DEBUG:urllib3.connectionpool:https://acme-v02.api.letsencrypt.org:443 "POST /acme/authz-v3/360509340017 HTTP/1.1" 200 807
2024-06-06 17:47:49,772:DEBUG:acme.client:Received response:
HTTP 200
Server: nginx
Date: Thu, 06 Jun 2024 17:47:49 GMT
Content-Type: application/json
Content-Length: 807
Connection: keep-alive
Boulder-Requester: 1767643707
Cache-Control: public, max-age=0, no-cache
Link: <https://acme-v02.api.letsencrypt.org/directory>;rel="index"
Replay-Nonce: su1caOmbgyPipThovS41zfA5kR8ZLF3ltBQhWFtamlNOuLZ1CD4
X-Frame-Options: DENY
Strict-Transport-Security: max-age=604800

{
  "identifier": {
    "type": "dns",
    "value": "ventruetechnologies.com"
  },
  "status": "pending",
  "expires": "2024-06-13T17:47:42Z",
  "challenges": [
    {
      "type": "http-01",
      "status": "pending",
      "url": "https://acme-v02.api.letsencrypt.org/acme/chall-v3/360509340017/M6KdNg",
      "token": "O9Kg4XwdJsTHlKc-g1BYzAW4q_ojzsGmoiU0JabJrKQ"
    },
    {
      "type": "dns-01",
      "status": "pending",
      "url": "https://acme-v02.api.letsencrypt.org/acme/chall-v3/360509340017/DyqMkA",
      "token": "O9Kg4XwdJsTHlKc-g1BYzAW4q_ojzsGmoiU0JabJrKQ"
    },
    {
      "type": "tls-alpn-01",
      "status": "pending",
      "url": "https://acme-v02.api.letsencrypt.org/acme/chall-v3/360509340017/77Q45w",
      "token": "O9Kg4XwdJsTHlKc-g1BYzAW4q_ojzsGmoiU0JabJrKQ"
    }
  ]
}
2024-06-06 17:47:49,772:DEBUG:acme.client:Storing nonce: su1caOmbgyPipThovS41zfA5kR8ZLF3ltBQhWFtamlNOuLZ1CD4
2024-06-06 17:47:52,555:DEBUG:acme.standalone:::ffff:3.145.149.171 - - Incoming request
2024-06-06 17:47:52,556:DEBUG:acme.standalone:::ffff:3.145.149.171 - - Serving HTTP01 with token 'O9Kg4XwdJsTHlKc-g1BYzAW4q_ojzsGmoiU0JabJrKQ'
2024-06-06 17:47:52,556:DEBUG:acme.standalone:::ffff:3.145.149.171 - - "GET /.well-known/acme-challenge/O9Kg4XwdJsTHlKc-g1BYzAW4q_ojzsGmoiU0JabJrKQ HTTP/1.1" 200 -
2024-06-06 17:47:52,607:DEBUG:acme.standalone:::ffff:23.178.112.105 - - Incoming request
2024-06-06 17:47:52,607:DEBUG:acme.standalone:::ffff:23.178.112.105 - - Serving HTTP01 with token 'O9Kg4XwdJsTHlKc-g1BYzAW4q_ojzsGmoiU0JabJrKQ'
2024-06-06 17:47:52,607:DEBUG:acme.standalone:::ffff:23.178.112.105 - - "GET /.well-known/acme-challenge/O9Kg4XwdJsTHlKc-g1BYzAW4q_ojzsGmoiU0JabJrKQ HTTP/1.1" 200 -
2024-06-06 17:47:52,762:DEBUG:acme.standalone:::ffff:51.20.60.159 - - Incoming request
2024-06-06 17:47:52,762:DEBUG:acme.standalone:::ffff:51.20.60.159 - - Serving HTTP01 with token 'O9Kg4XwdJsTHlKc-g1BYzAW4q_ojzsGmoiU0JabJrKQ'
2024-06-06 17:47:52,763:DEBUG:acme.standalone:::ffff:51.20.60.159 - - "GET /.well-known/acme-challenge/O9Kg4XwdJsTHlKc-g1BYzAW4q_ojzsGmoiU0JabJrKQ HTTP/1.1" 200 -
2024-06-06 17:47:52,773:DEBUG:acme.client:JWS payload:
b''
2024-06-06 17:47:52,775:DEBUG:acme.client:Sending POST request to https://acme-v02.api.letsencrypt.org/acme/authz-v3/360509340017:
{
  "protected": "eyJhbGciOiAiUlMyNTYiLCAia2lkIjogImh0dHBzOi8vYWNtZS12MDIuYXBpLmxldHNlbmNyeXB0Lm9yZy9hY21lL2FjY3QvMTc2NzY0MzcwNyIsICJub25jZSI6ICJzdTFjYU9tYmd5UGlwVGhvdlM0MXpmQTVrUjhaTEYzbHRCUWhXRnRhbWxOT3VMWjFDRDQiLCAidXJsIjogImh0dHBzOi8vYWNtZS12MDIuYXBpLmxldHNlbmNyeXB0Lm9yZy9hY21lL2F1dGh6LXYzLzM2MDUwOTM0MDAxNyJ9",
  "signature": "FlZT2nU6epoj5zNR3FgnQ0A-7kFL_cqQxZAJE99AHOIpgQW72x2uXuBdqEwyhRlIwi0nnyf2hFwYytoDGX7C1T1yTiS6sfPrtF7WGMV69u-iSvQd4KVWCmk3G6vr4i7g9_0yw-kgp0_qbAKUfvA2DXDqxTByivW5WRxFKUNONf5wF_wefB8ufLnhOx1_n9gh9_RnRnLoEori6b-klbp_4nY3kbX65tVs9GBqS9JLU8hIPysKtQXG7cYccr0k0ABtiZiNov6T8gf-Wk2xt9S4Z1jpXmKbntGwwMe9KElM381gR3f9-3mensVzRbMbLApMF98Ob3K6RstqsUde65K-Jg",
  "payload": ""
}
2024-06-06 17:47:52,817:DEBUG:urllib3.connectionpool:https://acme-v02.api.letsencrypt.org:443 "POST /acme/authz-v3/360509340017 HTTP/1.1" 200 807
2024-06-06 17:47:52,818:DEBUG:acme.client:Received response:
HTTP 200
Server: nginx
Date: Thu, 06 Jun 2024 17:47:52 GMT
Content-Type: application/json
Content-Length: 807
Connection: keep-alive
Boulder-Requester: 1767643707
Cache-Control: public, max-age=0, no-cache
Link: <https://acme-v02.api.letsencrypt.org/directory>;rel="index"
Replay-Nonce: su1caOmbIPDy5INdQUxRyEeRQtShg4bfpwxw4zVWUaEKeFJhbDA
X-Frame-Options: DENY
Strict-Transport-Security: max-age=604800

{
  "identifier": {
    "type": "dns",
    "value": "ventruetechnologies.com"
  },
  "status": "pending",
  "expires": "2024-06-13T17:47:42Z",
  "challenges": [
    {
      "type": "http-01",
      "status": "pending",
      "url": "https://acme-v02.api.letsencrypt.org/acme/chall-v3/360509340017/M6KdNg",
      "token": "O9Kg4XwdJsTHlKc-g1BYzAW4q_ojzsGmoiU0JabJrKQ"
    },
    {
      "type": "dns-01",
      "status": "pending",
      "url": "https://acme-v02.api.letsencrypt.org/acme/chall-v3/360509340017/DyqMkA",
      "token": "O9Kg4XwdJsTHlKc-g1BYzAW4q_ojzsGmoiU0JabJrKQ"
    },
    {
      "type": "tls-alpn-01",
      "status": "pending",
      "url": "https://acme-v02.api.letsencrypt.org/acme/chall-v3/360509340017/77Q45w",
      "token": "O9Kg4XwdJsTHlKc-g1BYzAW4q_ojzsGmoiU0JabJrKQ"
    }
  ]
}
2024-06-06 17:47:52,818:DEBUG:acme.client:Storing nonce: su1caOmbIPDy5INdQUxRyEeRQtShg4bfpwxw4zVWUaEKeFJhbDA
2024-06-06 17:47:52,984:DEBUG:acme.standalone:::ffff:13.250.109.24 - - Incoming request
2024-06-06 17:47:52,985:DEBUG:acme.standalone:::ffff:13.250.109.24 - - Serving HTTP01 with token 'O9Kg4XwdJsTHlKc-g1BYzAW4q_ojzsGmoiU0JabJrKQ'
2024-06-06 17:47:52,985:DEBUG:acme.standalone:::ffff:13.250.109.24 - - "GET /.well-known/acme-challenge/O9Kg4XwdJsTHlKc-g1BYzAW4q_ojzsGmoiU0JabJrKQ HTTP/1.1" 200 -
2024-06-06 17:47:53,072:DEBUG:acme.standalone:::ffff:35.86.255.71 - - Incoming request
2024-06-06 17:47:53,073:DEBUG:acme.standalone:::ffff:35.86.255.71 - - Serving HTTP01 with token 'O9Kg4XwdJsTHlKc-g1BYzAW4q_ojzsGmoiU0JabJrKQ'
2024-06-06 17:47:53,073:DEBUG:acme.standalone:::ffff:35.86.255.71 - - "GET /.well-known/acme-challenge/O9Kg4XwdJsTHlKc-g1BYzAW4q_ojzsGmoiU0JabJrKQ HTTP/1.1" 200 -
2024-06-06 17:47:55,819:DEBUG:acme.client:JWS payload:
b''
2024-06-06 17:47:55,822:DEBUG:acme.client:Sending POST request to https://acme-v02.api.letsencrypt.org/acme/authz-v3/360509340017:
{
  "protected": "eyJhbGciOiAiUlMyNTYiLCAia2lkIjogImh0dHBzOi8vYWNtZS12MDIuYXBpLmxldHNlbmNyeXB0Lm9yZy9hY21lL2FjY3QvMTc2NzY0MzcwNyIsICJub25jZSI6ICJzdTFjYU9tYklQRHk1SU5kUVV4UnlFZVJRdFNoZzRiZnB3eHc0elZXVWFFS2VGSmhiREEiLCAidXJsIjogImh0dHBzOi8vYWNtZS12MDIuYXBpLmxldHNlbmNyeXB0Lm9yZy9hY21lL2F1dGh6LXYzLzM2MDUwOTM0MDAxNyJ9",
  "signature": "JCEk8CWRZDGtcvlx2s2uBItHuGHA8MqLrRdostufuWkhcjCJoyUBBQz0hZjzOEsQ2Za6CQwvBzRujGvLQ9hZnY3VccKL484JnDxW-bHnSKmm-Ro9dFEo4xGEK7H4IDbUYgAKW6KT75rd7_QHl92upC2C_6Oq08vlIV950UECIHC1ctupfitE0_Y0RpOO_HSv2afd92vUMmzXSHt-mrk5hieVavhKIdn8WJcG5-6jS17sImvU3Znz9-Jh-wL4_z3OzDh5PvsObbuqS6vJLFjkL8tBBy6DK0jTalPlX-GD78cxUlWLiiO_PYTtJs-IlqgquYrEGJcHiQGiF5GrHswkhw",
  "payload": ""
}
2024-06-06 17:47:55,863:DEBUG:urllib3.connectionpool:https://acme-v02.api.letsencrypt.org:443 "POST /acme/authz-v3/360509340017 HTTP/1.1" 200 1221
2024-06-06 17:47:55,863:DEBUG:acme.client:Received response:
HTTP 200
Server: nginx
Date: Thu, 06 Jun 2024 17:47:55 GMT
Content-Type: application/json
Content-Length: 1221
Connection: keep-alive
Boulder-Requester: 1767643707
Cache-Control: public, max-age=0, no-cache
Link: <https://acme-v02.api.letsencrypt.org/directory>;rel="index"
Replay-Nonce: cp09ZmYxUxO7WZ20SBtIxyX_0-V8HpEexVEXlgNefq6n4uz0JHk
X-Frame-Options: DENY
Strict-Transport-Security: max-age=604800

{
  "identifier": {
    "type": "dns",
    "value": "ventruetechnologies.com"
  },
  "status": "valid",
  "expires": "2024-07-06T17:47:53Z",
  "challenges": [
    {
      "type": "http-01",
      "status": "valid",
      "url": "https://acme-v02.api.letsencrypt.org/acme/chall-v3/360509340017/M6KdNg",
      "token": "O9Kg4XwdJsTHlKc-g1BYzAW4q_ojzsGmoiU0JabJrKQ",
      "validationRecord": [
        {
          "url": "http://ventruetechnologies.com/.well-known/acme-challenge/O9Kg4XwdJsTHlKc-g1BYzAW4q_ojzsGmoiU0JabJrKQ",
          "hostname": "ventruetechnologies.com",
          "port": "80",
          "addressesResolved": [
            "50.116.16.55",
            "2600:3c00::f03c:92ff:febb:b537"
          ],
          "addressUsed": "2600:3c00::f03c:92ff:febb:b537"
        },
        {
          "url": "http://ventruetechnologies.com/.well-known/acme-challenge/O9Kg4XwdJsTHlKc-g1BYzAW4q_ojzsGmoiU0JabJrKQ",
          "hostname": "ventruetechnologies.com",
          "port": "80",
          "addressesResolved": [
            "50.116.16.55",
            "2600:3c00::f03c:92ff:febb:b537"
          ],
          "addressUsed": "50.116.16.55"
        }
      ],
      "validated": "2024-06-06T17:47:42Z"
    }
  ]
}
2024-06-06 17:47:55,864:DEBUG:acme.client:Storing nonce: cp09ZmYxUxO7WZ20SBtIxyX_0-V8HpEexVEXlgNefq6n4uz0JHk
2024-06-06 17:47:55,867:DEBUG:certbot._internal.error_handler:Calling registered functions
2024-06-06 17:47:55,867:INFO:certbot._internal.auth_handler:Cleaning up challenges
2024-06-06 17:47:55,867:DEBUG:certbot._internal.plugins.standalone:Stopping server at :::80...
2024-06-06 17:47:56,078:DEBUG:certbot._internal.client:CSR: CSR(file=None, data=b'-----BEGIN CERTIFICATE REQUEST-----\nMIHwMIGXAgEAMAAwWTATBgcqhkjOPQIBBggqhkjOPQMBBwNCAARjwyCpdRtUJv8Y\n48qWY00vo1xMgf5Pg660nVFNu74lAfDK5mzHS6qrMmsdT1lMZgNesS+jzFatWc5E\nSRA/rPBOoDUwMwYJKoZIhvcNAQkOMSYwJDAiBgNVHREEGzAZghd2ZW50cnVldGVj\naG5vbG9naWVzLmNvbTAKBggqhkjOPQQDAgNIADBFAiEA4DLSqGJpqOuz8qGOTdco\nimaVOQQrFF8Cx6GuD4Rej3YCIA6yO+h/f8DbFiuax+EA8u/DKM7Oac0vlQj1EMTy\nJZoZ\n-----END CERTIFICATE REQUEST-----\n', form='pem')
2024-06-06 17:47:56,079:DEBUG:certbot._internal.client:Will poll for certificate issuance until 2024-06-06 17:49:26.078994
2024-06-06 17:47:56,080:DEBUG:acme.client:JWS payload:
b'{\n  "csr": "MIHwMIGXAgEAMAAwWTATBgcqhkjOPQIBBggqhkjOPQMBBwNCAARjwyCpdRtUJv8Y48qWY00vo1xMgf5Pg660nVFNu74lAfDK5mzHS6qrMmsdT1lMZgNesS-jzFatWc5ESRA_rPBOoDUwMwYJKoZIhvcNAQkOMSYwJDAiBgNVHREEGzAZghd2ZW50cnVldGVjaG5vbG9naWVzLmNvbTAKBggqhkjOPQQDAgNIADBFAiEA4DLSqGJpqOuz8qGOTdcoimaVOQQrFF8Cx6GuD4Rej3YCIA6yO-h_f8DbFiuax-EA8u_DKM7Oac0vlQj1EMTyJZoZ"\n}'
2024-06-06 17:47:56,081:DEBUG:acme.client:Sending POST request to https://acme-v02.api.letsencrypt.org/acme/finalize/1767643707/276027471847:
{
  "protected": "eyJhbGciOiAiUlMyNTYiLCAia2lkIjogImh0dHBzOi8vYWNtZS12MDIuYXBpLmxldHNlbmNyeXB0Lm9yZy9hY21lL2FjY3QvMTc2NzY0MzcwNyIsICJub25jZSI6ICJjcDA5Wm1ZeFV4TzdXWjIwU0J0SXh5WF8wLVY4SHBFZXhWRVhsZ05lZnE2bjR1ejBKSGsiLCAidXJsIjogImh0dHBzOi8vYWNtZS12MDIuYXBpLmxldHNlbmNyeXB0Lm9yZy9hY21lL2ZpbmFsaXplLzE3Njc2NDM3MDcvMjc2MDI3NDcxODQ3In0",
  "signature": "MjRWtY1xxcohcJ2uMknQAcJl6AcBk3X35DP9SD0Jja6GP3kGCzAXFpqgWfXFMJZqwOzJFLRgScKL40xdggbnbIhWyLPg9mKsZvOLmiV_UHDZL2wZTLqc0CTRz2Vd-O19Q01RBrxSuH33bcBosmxrLcjgnYPmxra9YE4kRekZFz3e_mwtL2o4BFGai9kh24qLsoNVWk1MF6CXXMB2YGChqfiU_jqLnJOC-Z6e0_fHwTRDm8W3HyasItUz44Ohs0u2d_qQPdLE-XMV6HHvUPI8Rgm4Xaz8GOltt6usCW3aB28HZfv8L6ycbspxCsDK-9n2-JT_GZNdL9P99Cd0lunBrQ",
  "payload": "ewogICJjc3IiOiAiTUlId01JR1hBZ0VBTUFBd1dUQVRCZ2NxaGtqT1BRSUJCZ2dxaGtqT1BRTUJCd05DQUFSand5Q3BkUnRVSnY4WTQ4cVdZMDB2bzF4TWdmNVBnNjYwblZGTnU3NGxBZkRLNW16SFM2cXJNbXNkVDFsTVpnTmVzUy1qekZhdFdjNUVTUkFfclBCT29EVXdNd1lKS29aSWh2Y05BUWtPTVNZd0pEQWlCZ05WSFJFRUd6QVpnaGQyWlc1MGNuVmxkR1ZqYUc1dmJHOW5hV1Z6TG1OdmJUQUtCZ2dxaGtqT1BRUURBZ05JQURCRkFpRUE0RExTcUdKcHFPdXo4cUdPVGRjb2ltYVZPUVFyRkY4Q3g2R3VENFJlajNZQ0lBNnlPLWhfZjhEYkZpdWF4LUVBOHVfREtNN09hYzB2bFFqMUVNVHlKWm9aIgp9"
}
2024-06-06 17:47:57,687:DEBUG:urllib3.connectionpool:https://acme-v02.api.letsencrypt.org:443 "POST /acme/finalize/1767643707/276027471847 HTTP/1.1" 200 451
2024-06-06 17:47:57,688:DEBUG:acme.client:Received response:
HTTP 200
Server: nginx
Date: Thu, 06 Jun 2024 17:47:57 GMT
Content-Type: application/json
Content-Length: 451
Connection: keep-alive
Boulder-Requester: 1767643707
Cache-Control: public, max-age=0, no-cache
Link: <https://acme-v02.api.letsencrypt.org/directory>;rel="index"
Location: https://acme-v02.api.letsencrypt.org/acme/order/1767643707/276027471847
Replay-Nonce: cp09ZmYxAOr0WujWlPz9xtT7Sj3ScTriaovJpycYG8ZGVAji6-8
X-Frame-Options: DENY
Strict-Transport-Security: max-age=604800

{
  "status": "valid",
  "expires": "2024-06-13T17:47:42Z",
  "identifiers": [
    {
      "type": "dns",
      "value": "ventruetechnologies.com"
    }
  ],
  "authorizations": [
    "https://acme-v02.api.letsencrypt.org/acme/authz-v3/360509340017"
  ],
  "finalize": "https://acme-v02.api.letsencrypt.org/acme/finalize/1767643707/276027471847",
  "certificate": "https://acme-v02.api.letsencrypt.org/acme/cert/033d23d8a422b58918fe1a2c3a9291df6e29"
}
2024-06-06 17:47:57,688:DEBUG:acme.client:Storing nonce: cp09ZmYxAOr0WujWlPz9xtT7Sj3ScTriaovJpycYG8ZGVAji6-8
2024-06-06 17:47:58,689:DEBUG:acme.client:JWS payload:
b''
2024-06-06 17:47:58,691:DEBUG:acme.client:Sending POST request to https://acme-v02.api.letsencrypt.org/acme/order/1767643707/276027471847:
{
  "protected": "eyJhbGciOiAiUlMyNTYiLCAia2lkIjogImh0dHBzOi8vYWNtZS12MDIuYXBpLmxldHNlbmNyeXB0Lm9yZy9hY21lL2FjY3QvMTc2NzY0MzcwNyIsICJub25jZSI6ICJjcDA5Wm1ZeEFPcjBXdWpXbFB6OXh0VDdTajNTY1RyaWFvdkpweWNZRzhaR1ZBamk2LTgiLCAidXJsIjogImh0dHBzOi8vYWNtZS12MDIuYXBpLmxldHNlbmNyeXB0Lm9yZy9hY21lL29yZGVyLzE3Njc2NDM3MDcvMjc2MDI3NDcxODQ3In0",
  "signature": "EhHr4EKttrZVzCKy_Yz_QQIAq41LXe38ls_UKWRsZW51mj0Ub3_jETOVz9ZJTZ4YHgx1SVX6Ddc0hp9aGqQBnsrTpp7gJb9Q0Uha6dkIFU3SPd7ZHuGhn_xHgXleoxfVVFa5zExX4Lv0zVqPEVaUg-LFxxY867CHiz1voJv5jARrO8hveSLq0FSG22mmKTmzLNQ_M_WRF5XOXzyvGXsXN53IoaJUMHJB2__FFK844lgTFGEi4G9OQU5ZZ2pippUHbd4sHdkLx2JQlJKCsYrvwncrRyK9kiuDb2jwVOPNHQs7MsavwBMYyvUAaZPgPFTf425jcgYFlK6VnPTZV9JQJQ",
  "payload": ""
}
2024-06-06 17:47:58,736:DEBUG:urllib3.connectionpool:https://acme-v02.api.letsencrypt.org:443 "POST /acme/order/1767643707/276027471847 HTTP/1.1" 200 451
2024-06-06 17:47:58,737:DEBUG:acme.client:Received response:
HTTP 200
Server: nginx
Date: Thu, 06 Jun 2024 17:47:58 GMT
Content-Type: application/json
Content-Length: 451
Connection: keep-alive
Cache-Control: public, max-age=0, no-cache
Link: <https://acme-v02.api.letsencrypt.org/directory>;rel="index"
Replay-Nonce: cp09ZmYxbmGEvCZsFZHn6xxkkCMQ9ES_FKvCF51VdvNuAYBX2wU
X-Frame-Options: DENY
Strict-Transport-Security: max-age=604800

{
  "status": "valid",
  "expires": "2024-06-13T17:47:42Z",
  "identifiers": [
    {
      "type": "dns",
      "value": "ventruetechnologies.com"
    }
  ],
  "authorizations": [
    "https://acme-v02.api.letsencrypt.org/acme/authz-v3/360509340017"
  ],
  "finalize": "https://acme-v02.api.letsencrypt.org/acme/finalize/1767643707/276027471847",
  "certificate": "https://acme-v02.api.letsencrypt.org/acme/cert/033d23d8a422b58918fe1a2c3a9291df6e29"
}
2024-06-06 17:47:58,737:DEBUG:acme.client:Storing nonce: cp09ZmYxbmGEvCZsFZHn6xxkkCMQ9ES_FKvCF51VdvNuAYBX2wU
2024-06-06 17:47:58,738:DEBUG:acme.client:JWS payload:
b''
2024-06-06 17:47:58,741:DEBUG:acme.client:Sending POST request to https://acme-v02.api.letsencrypt.org/acme/cert/033d23d8a422b58918fe1a2c3a9291df6e29:
{
  "protected": "eyJhbGciOiAiUlMyNTYiLCAia2lkIjogImh0dHBzOi8vYWNtZS12MDIuYXBpLmxldHNlbmNyeXB0Lm9yZy9hY21lL2FjY3QvMTc2NzY0MzcwNyIsICJub25jZSI6ICJjcDA5Wm1ZeGJtR0V2Q1pzRlpIbjZ4eGtrQ01ROUVTX0ZLdkNGNTFWZHZOdUFZQlgyd1UiLCAidXJsIjogImh0dHBzOi8vYWNtZS12MDIuYXBpLmxldHNlbmNyeXB0Lm9yZy9hY21lL2NlcnQvMDMzZDIzZDhhNDIyYjU4OTE4ZmUxYTJjM2E5MjkxZGY2ZTI5In0",
  "signature": "SyuWj4zE8HSQTLrUiPibEdmTpyHbpSbjCOMFuHqwv29A-9Kz1f8ijbvXM2wBNUzqILWkxK04psG-gUBKwO2z1U93TZMB_XlNkPNlKBgDJeDqH04AziShSqMJGFD_6nqflYpbHhgPX5uO87riI-ISugf54oyiaNWh7OwpDpZHk8sxqd7BxxqwSLdNyC-xXCXfFT1ovwvsC7E-OBaS408IxSIGzESjiAZ_GAqADMqq8AAaoPkzpK9vNNotGvUpcqJZzC772lZjqbwXHHpZQBW_OSna4VeX-IBGwsG7ikXPORMAEblXJOf374GzJhOQpq5Bafk1RNQJJRkfXv7SADXsyA",
  "payload": ""
}
2024-06-06 17:47:58,790:DEBUG:urllib3.connectionpool:https://acme-v02.api.letsencrypt.org:443 "POST /acme/cert/033d23d8a422b58918fe1a2c3a9291df6e29 HTTP/1.1" 200 3340
2024-06-06 17:47:58,791:DEBUG:acme.client:Received response:
HTTP 200
Server: nginx
Date: Thu, 06 Jun 2024 17:47:58 GMT
Content-Type: application/pem-certificate-chain
Content-Length: 3340
Connection: keep-alive
Cache-Control: public, max-age=0, no-cache
Link: <https://acme-v02.api.letsencrypt.org/directory>;rel="index", <https://acme-v02.api.letsencrypt.org/acme/cert/033d23d8a422b58918fe1a2c3a9291df6e29/1>;rel="alternate"
Replay-Nonce: cp09ZmYxHvUG1tirLwSDVP_PlQWOdJKEBFBvS1wlrytgQHwsGpk
X-Frame-Options: DENY
Strict-Transport-Security: max-age=604800

-----BEGIN CERTIFICATE-----
MIIEMDCCAxigAwIBAgISAz0j2KQitYkY/hosOpKR324pMA0GCSqGSIb3DQEBCwUA
MDIxCzAJBgNVBAYTAlVTMRYwFAYDVQQKEw1MZXQncyBFbmNyeXB0MQswCQYDVQQD
EwJSMzAeFw0yNDA2MDYxNjQ3NTZaFw0yNDA5MDQxNjQ3NTVaMCIxIDAeBgNVBAMT
F3ZlbnRydWV0ZWNobm9sb2dpZXMuY29tMFkwEwYHKoZIzj0CAQYIKoZIzj0DAQcD
QgAEY8MgqXUbVCb/GOPKlmNNL6NcTIH+T4OutJ1RTbu+JQHwyuZsx0uqqzJrHU9Z
TGYDXrEvo8xWrVnOREkQP6zwTqOCAhkwggIVMA4GA1UdDwEB/wQEAwIHgDAdBgNV
HSUEFjAUBggrBgEFBQcDAQYIKwYBBQUHAwIwDAYDVR0TAQH/BAIwADAdBgNVHQ4E
FgQUIPKBxlCJzJdKY46l2QlZqZTfLMEwHwYDVR0jBBgwFoAUFC6zF7dYVsuuUAlA
5h+vnYsUwsYwVQYIKwYBBQUHAQEESTBHMCEGCCsGAQUFBzABhhVodHRwOi8vcjMu
by5sZW5jci5vcmcwIgYIKwYBBQUHMAKGFmh0dHA6Ly9yMy5pLmxlbmNyLm9yZy8w
IgYDVR0RBBswGYIXdmVudHJ1ZXRlY2hub2xvZ2llcy5jb20wEwYDVR0gBAwwCjAI
BgZngQwBAgEwggEEBgorBgEEAdZ5AgQCBIH1BIHyAPAAdgA/F0tP1yJHWJQdZRyE
vg0S7ZA3fx+FauvBvyiF7PhkbgAAAY/uqhnZAAAEAwBHMEUCIQDueO1TARy/2F8G
lt0edlkTHgkQ/MWz2cwvY2qf96QObwIgJuSFsbHbYmHTZu4qow52pY5jbdEtIgfG
K9lGMinf4kkAdgAZmBBxCfDWUi4wgNKeP2S7g24ozPkPUo7u385KPxa0ygAAAY/u
qhvOAAAEAwBHMEUCIQCac2p1TI67ZpqowA4ZS22wg2k8amXaxnavIo0apGWNogIg
e2J5sWzs6hX6GVD/7dQeUKJ/R/VnK03r8XoAPCwzHyswDQYJKoZIhvcNAQELBQAD
ggEBADjpNZtdbVf9qpxf/tu4T9zTo13hq+EU1Re5fjalUrOWHGuwW02jKKJMmcx3
4g7jVQ2jddFBzG2ZcD52h5DIEHBdPHty5N/O1iB8CbRa4EZmKKPqyLMl2sBMx5KJ
Vl37+OsgSALZzWOJ1tRHQMPZ8jz451PG1lv3v7rSChTBWiHIC0MivNomVXlNQ1F6
nzYXhwskixhRniApyU3JLP4d1PC5MgzroflEX4f4yTvrNORElE4FUL5hjgXosq2R
/e1B7+rfHq7er06ouVtNF5U39jhpbF5cmQsMv0j6mRYlAPbaCuJNPT5jnZTAe4m3
22j3TyPHKSFJEONXTIEezht4VNI=
-----END CERTIFICATE-----

-----BEGIN CERTIFICATE-----
MIIFFjCCAv6gAwIBAgIRAJErCErPDBinU/bWLiWnX1owDQYJKoZIhvcNAQELBQAw
TzELMAkGA1UEBhMCVVMxKTAnBgNVBAoTIEludGVybmV0IFNlY3VyaXR5IFJlc2Vh
cmNoIEdyb3VwMRUwEwYDVQQDEwxJU1JHIFJvb3QgWDEwHhcNMjAwOTA0MDAwMDAw
WhcNMjUwOTE1MTYwMDAwWjAyMQswCQYDVQQGEwJVUzEWMBQGA1UEChMNTGV0J3Mg
RW5jcnlwdDELMAkGA1UEAxMCUjMwggEiMA0GCSqGSIb3DQEBAQUAA4IBDwAwggEK
AoIBAQC7AhUozPaglNMPEuyNVZLD+ILxmaZ6QoinXSaqtSu5xUyxr45r+XXIo9cP
R5QUVTVXjJ6oojkZ9YI8QqlObvU7wy7bjcCwXPNZOOftz2nwWgsbvsCUJCWH+jdx
sxPnHKzhm+/b5DtFUkWWqcFTzjTIUu61ru2P3mBw4qVUq7ZtDpelQDRrK9O8Zutm
NHz6a4uPVymZ+DAXXbpyb/uBxa3Shlg9F8fnCbvxK/eG3MHacV3URuPMrSXBiLxg
Z3Vms/EY96Jc5lP/Ooi2R6X/ExjqmAl3P51T+c8B5fWmcBcUr2Ok/5mzk53cU6cG
/kiFHaFpriV1uxPMUgP17VGhi9sVAgMBAAGjggEIMIIBBDAOBgNVHQ8BAf8EBAMC
AYYwHQYDVR0lBBYwFAYIKwYBBQUHAwIGCCsGAQUFBwMBMBIGA1UdEwEB/wQIMAYB
Af8CAQAwHQYDVR0OBBYEFBQusxe3WFbLrlAJQOYfr52LFMLGMB8GA1UdIwQYMBaA
FHm0WeZ7tuXkAXOACIjIGlj26ZtuMDIGCCsGAQUFBwEBBCYwJDAiBggrBgEFBQcw
AoYWaHR0cDovL3gxLmkubGVuY3Iub3JnLzAnBgNVHR8EIDAeMBygGqAYhhZodHRw
Oi8veDEuYy5sZW5jci5vcmcvMCIGA1UdIAQbMBkwCAYGZ4EMAQIBMA0GCysGAQQB
gt8TAQEBMA0GCSqGSIb3DQEBCwUAA4ICAQCFyk5HPqP3hUSFvNVneLKYY611TR6W
PTNlclQtgaDqw+34IL9fzLdwALduO/ZelN7kIJ+m74uyA+eitRY8kc607TkC53wl
ikfmZW4/RvTZ8M6UK+5UzhK8jCdLuMGYL6KvzXGRSgi3yLgjewQtCPkIVz6D2QQz
CkcheAmCJ8MqyJu5zlzyZMjAvnnAT45tRAxekrsu94sQ4egdRCnbWSDtY7kh+BIm
lJNXoB1lBMEKIq4QDUOXoRgffuDghje1WrG9ML+Hbisq/yFOGwXD9RiX8F6sw6W4
avAuvDszue5L3sz85K+EC4Y/wFVDNvZo4TYXao6Z0f+lQKc0t8DQYzk1OXVu8rp2
yJMC6alLbBfODALZvYH7n7do1AZls4I9d1P4jnkDrQoxB3UqQ9hVl3LEKQ73xF1O
yK5GhDDX8oVfGKF5u+decIsH4YaTw7mP3GFxJSqv3+0lUFJoi5Lc5da149p90Ids
hCExroL1+7mryIkXPeFM5TgO9r0rvZaBFOvV2z0gp35Z0+L4WPlbuEjN/lxPFin+
HlUjr8gRsI3qfJOQFy/9rKIJR0Y/8Omwt/8oTWgy1mdeHmmjk7j1nYsvC9JSQ6Zv
MldlTTKB3zhThV1+XWYp6rjd5JW1zbVWEkLNxE7GJThEUG3szgBVGP7pSWTUTsqX
nLRbwHOoq7hHwg==
-----END CERTIFICATE-----

2024-06-06 17:47:58,791:DEBUG:acme.client:Storing nonce: cp09ZmYxHvUG1tirLwSDVP_PlQWOdJKEBFBvS1wlrytgQHwsGpk
2024-06-06 17:47:58,794:DEBUG:certbot._internal.storage:Creating directory /etc/letsencrypt/archive/ventruetechnologies.com.
2024-06-06 17:47:58,794:DEBUG:certbot._internal.storage:Creating directory /etc/letsencrypt/live/ventruetechnologies.com.
2024-06-06 17:47:58,795:DEBUG:certbot._internal.storage:Writing certificate to /etc/letsencrypt/live/ventruetechnologies.com/cert.pem.
2024-06-06 17:47:58,795:DEBUG:certbot._internal.storage:Writing private key to /etc/letsencrypt/live/ventruetechnologies.com/privkey.pem.
2024-06-06 17:47:58,795:DEBUG:certbot._internal.storage:Writing chain to /etc/letsencrypt/live/ventruetechnologies.com/chain.pem.
2024-06-06 17:47:58,795:DEBUG:certbot._internal.storage:Writing full chain to /etc/letsencrypt/live/ventruetechnologies.com/fullchain.pem.
2024-06-06 17:47:58,796:DEBUG:certbot._internal.storage:Writing README to /etc/letsencrypt/live/ventruetechnologies.com/README.
2024-06-06 17:47:58,806:DEBUG:certbot.configuration:Var account=945573f0d07070a43db92cdb19d698a0 (set by user).
2024-06-06 17:47:58,807:DEBUG:certbot._internal.plugins.selection:Requested authenticator standalone and installer None
2024-06-06 17:47:58,807:DEBUG:certbot._internal.plugins.selection:Requested authenticator standalone and installer None
2024-06-06 17:47:58,808:DEBUG:certbot._internal.storage:Writing new config /etc/letsencrypt/renewal/ventruetechnologies.com.conf.
2024-06-06 17:47:58,811:DEBUG:certbot._internal.display.obj:Notifying user: 
Successfully received certificate.
Certificate is saved at: /etc/letsencrypt/live/ventruetechnologies.com/fullchain.pem
Key is saved at:         /etc/letsencrypt/live/ventruetechnologies.com/privkey.pem
This certificate expires on 2024-09-04.
These files will be updated when the certificate renews.
2024-06-06 17:47:58,815:DEBUG:certbot._internal.display.obj:Notifying user: NEXT STEPS:
2024-06-06 17:47:58,816:DEBUG:certbot._internal.display.obj:Notifying user: - The certificate will need to be renewed before it expires. Certbot can automatically renew the certificate in the background, but you may need to take steps to enable that functionality. See https://certbot.org/renewal-setup for instructions.
2024-06-06 17:47:58,818:DEBUG:certbot._internal.display.obj:Notifying user: If you like Certbot, please consider supporting our work by:
 * Donating to ISRG / Let's Encrypt:   https://letsencrypt.org/donate
 * Donating to EFF:                    https://eff.org/donate-le
